Information: Updating design information... (UID-85)
Warning: Design 'rv32_cpu_top' contains 1 high-fanout nets. A fanout number of 1000 will be used for delay calculations involving these nets. (TIM-134)
Information: Propagating switching activity (low effort zero delay simulation). (PWR-6)
Warning: Design has unannotated primary inputs. (PWR-414)
Warning: Design has unannotated sequential cell outputs. (PWR-415)
 
****************************************
Report : power
        -analysis_effort low
Design : rv32_cpu_top
Version: V-2023.12-SP5
Date   : Tue Feb  4 23:56:00 2025
****************************************


Library(s) Used:

    tcbn40lpbwptc (File: /cae/apps/data/tsmclibs-2013/digital/Front_End/timing_power_noise/NLDM/tcbn40lpbwp_120b/tcbn40lpbwptc.db)


Operating Conditions: NCCOM   Library: tcbn40lpbwptc
Wire Load Model Mode: segmented

Design        Wire Load Model            Library
------------------------------------------------
rv32_cpu_top           TSMC32K_Lowk_Conservative
                                         tcbn40lpbwptc


Global Operating Voltage = 1.1  
Power-specific unit information :
    Voltage Units = 1V
    Capacitance Units = 1.000000pf
    Time Units = 1ns
    Dynamic Power Units = 1mW    (derived from V,C,T units)
    Leakage Power Units = 1nW


Attributes
----------
i - Including register clock pin internal power


  Cell Internal Power  =   8.1655 mW   (94%)
  Net Switching Power  = 541.8582 uW    (6%)
                         ---------
Total Dynamic Power    =   8.7073 mW  (100%)

Cell Leakage Power     =   3.0833 uW


                 Internal         Switching           Leakage            Total
Power Group      Power            Power               Power              Power   (   %    )  Attrs
--------------------------------------------------------------------------------------------------
io_pad             0.0000            0.0000            0.0000            0.0000  (   0.00%)
memory             0.0000            0.0000            0.0000            0.0000  (   0.00%)
black_box          0.0000            0.0000            0.0000            0.0000  (   0.00%)
clock_network      7.6890            0.0000            0.0000            7.6890  (  88.27%)  i
register           0.1623        3.1236e-02          654.3146            0.1942  (   2.23%)
sequential         0.0000            0.0000            0.0000            0.0000  (   0.00%)
combinational      0.3142            0.5106        2.4289e+03            0.8273  (   9.50%)
--------------------------------------------------------------------------------------------------
Total              8.1655 mW         0.5419 mW     3.0833e+03 nW         8.7104 mW
1
