 
****************************************
Report : timing
        -path full
        -delay min
        -max_paths 1
Design : rv32_cpu_top
Version: V-2023.12-SP5
Date   : Sun Dec 29 02:45:42 2024
****************************************

 # A fanout number of 1000 was used for high fanout net computations.

Operating Conditions: NCCOM   Library: tcbn40lpbwptc
Wire Load Model Mode: segmented

  Startpoint: DELAY/code_queue_reg[28]
              (rising edge-triggered flip-flop clocked by clk)
  Endpoint: DELAY/code_out_reg[28]
            (rising edge-triggered flip-flop clocked by clk)
  Path Group: clk
  Path Type: min

  Des/Clust/Port     Wire Load Model       Library
  ------------------------------------------------
  rv32_cpu_top       ZeroWireload          tcbn40lpbwptc

  Point                                                   Incr       Path
  --------------------------------------------------------------------------
  clock clk (rise edge)                                   0.00       0.00
  clock network delay (ideal)                             0.00       0.00
  DELAY/code_queue_reg[28]/CP (DFQD1BWP)                  0.00 #     0.00 r
  DELAY/code_queue_reg[28]/Q (DFQD1BWP)                   0.11       0.11 f
  DELAY/code_out_reg[28]/D (DFD2BWP)                      0.00       0.11 f
  data arrival time                                                  0.11

  clock clk (rise edge)                                   0.00       0.00
  clock network delay (ideal)                             0.00       0.00
  clock uncertainty                                       0.08       0.08
  DELAY/code_out_reg[28]/CP (DFD2BWP)                     0.00       0.08 r
  library hold time                                       0.02       0.10
  data required time                                                 0.10
  --------------------------------------------------------------------------
  data required time                                                 0.10
  data arrival time                                                 -0.11
  --------------------------------------------------------------------------
  slack (MET)                                                        0.01


1
