 
****************************************
Report : timing
        -path full
        -delay min
        -max_paths 1
Design : rv32_cpu_top
Version: V-2023.12-SP5
Date   : Sat Dec 14 19:01:38 2024
****************************************

 # A fanout number of 1000 was used for high fanout net computations.

Operating Conditions: NCCOM   Library: tcbn40lpbwp12ttc
Wire Load Model Mode: segmented

  Startpoint: CU/shifter_logical_reg
              (rising edge-triggered flip-flop clocked by clk)
  Endpoint: CU/shifter_logical_reg
            (rising edge-triggered flip-flop clocked by clk)
  Path Group: clk
  Path Type: min

  Des/Clust/Port     Wire Load Model       Library
  ------------------------------------------------
  rv32_cpu_top       TSMC32K_Lowk_Conservative
                                           tcbn40lpbwp12ttc

  Point                                                   Incr       Path
  --------------------------------------------------------------------------
  clock clk (rise edge)                                   0.00       0.00
  clock network delay (ideal)                             0.00       0.00
  CU/shifter_logical_reg/CP (DFCNQD1BWP12T)               0.00 #     0.00 r
  CU/shifter_logical_reg/Q (DFCNQD1BWP12T)                0.09       0.09 f
  U11661/ZN (INVD1BWP12T)                                 0.02       0.11 r
  U11527/ZN (OAI32D1BWP12T)                               0.03       0.14 f
  U6624/ZN (INVD1BWP12T)                                  0.02       0.16 r
  U6625/ZN (INVD1BWP12T)                                  0.01       0.17 f
  CU/shifter_logical_reg/D (DFCNQD1BWP12T)                0.00       0.17 f
  data arrival time                                                  0.17

  clock clk (rise edge)                                   0.00       0.00
  clock network delay (ideal)                             0.00       0.00
  clock uncertainty                                       0.15       0.15
  CU/shifter_logical_reg/CP (DFCNQD1BWP12T)               0.00       0.15 r
  library hold time                                       0.02       0.17
  data required time                                                 0.17
  --------------------------------------------------------------------------
  data required time                                                 0.17
  data arrival time                                                 -0.17
  --------------------------------------------------------------------------
  slack (MET)                                                        0.00


1
