 
****************************************
Report : timing
        -path full
        -delay min
        -max_paths 1
Design : rv32_cpu_top
Version: V-2023.12-SP5
Date   : Wed Dec 11 20:03:46 2024
****************************************

 # A fanout number of 1000 was used for high fanout net computations.

Operating Conditions: tt0p85v25c   Library: saed32lvt_tt0p85v25c
Wire Load Model Mode: enclosed

  Startpoint: RB/register_bank_reg[11][16]
              (rising edge-triggered flip-flop clocked by clk)
  Endpoint: RB/register_bank_reg[11][16]
            (rising edge-triggered flip-flop clocked by clk)
  Path Group: clk
  Path Type: min

  Des/Clust/Port     Wire Load Model       Library
  ------------------------------------------------
  rv32_cpu_top       16000                 saed32lvt_tt0p85v25c

  Point                                                   Incr       Path
  --------------------------------------------------------------------------
  clock clk (rise edge)                                   0.00       0.00
  clock network delay (ideal)                             0.00       0.00
  RB/register_bank_reg[11][16]/CLK (DFFX1_LVT)            0.00 #     0.00 r
  RB/register_bank_reg[11][16]/Q (DFFX1_LVT)              0.08       0.08 f
  U5076/Y (AO22X2_LVT)                                    0.05       0.13 f
  RB/register_bank_reg[11][16]/D (DFFX1_LVT)              0.01       0.14 f
  data arrival time                                                  0.14

  clock clk (rise edge)                                   0.00       0.00
  clock network delay (ideal)                             0.00       0.00
  clock uncertainty                                       0.15       0.15
  RB/register_bank_reg[11][16]/CLK (DFFX1_LVT)            0.00       0.15 r
  library hold time                                      -0.01       0.14
  data required time                                                 0.14
  --------------------------------------------------------------------------
  data required time                                                 0.14
  data arrival time                                                 -0.14
  --------------------------------------------------------------------------
  slack (MET)                                                        0.00


1
