 
****************************************
Report : timing
        -path full
        -delay max
        -max_paths 1
Design : d_cache_v1
Version: X-2025.06
Date   : Mon Oct 13 19:41:48 2025
****************************************

 # A fanout number of 1000 was used for high fanout net computations.

Operating Conditions: TT_0P65V_0P00V_0P00V_0P00V_25C   Library: gf22nspslogl36eda116f_TT_0P65V_0P00V_0P00V_0P00V_25C
Wire Load Model Mode: enclosed

  Startpoint: d_byte0/ram_core_reg[127][0]
              (rising edge-triggered flip-flop clocked by clk)
  Endpoint: d_byte0/Q_tmp_reg[0]
            (rising edge-triggered flip-flop clocked by clk)
  Path Group: clk
  Path Type: max

  Des/Clust/Port     Wire Load Model       Library
  ------------------------------------------------
  d_cache_v1_MUX_OP_256_8_8
                     ZeroWLM               gf22nspslogl36eda116f_TT_0P65V_0P00V_0P00V_0P00V_25C

  Point                                                   Incr       Path
  --------------------------------------------------------------------------
  clock clk (rise edge)                                   0.00       0.00
  clock network delay (ideal)                             0.00       0.00
  d_byte0/ram_core_reg[127][0]/clocked_on (**SEQGEN**)
                                                          0.00 #     0.00 r
  d_byte0/ram_core_reg[127][0]/Q (**SEQGEN**)             0.00       0.00 f
  d_byte0/C6197/D127_7 (d_cache_v1_MUX_OP_256_8_8)        0.00       0.00 f
  alt105/U791/X (UDB116SVT36_AOI2222_V2_0P75)             0.06       0.06 r
  alt105/U789/X (UDB116SVT36_AOI21_0P75)                  0.08       0.14 f
  alt105/U788/X (UDB116SVT36_NR4_0P75)                    0.06       0.20 r
  alt105/U773/X (UDB116SVT36_AOI21_0P75)                  0.03       0.23 f
  alt105/U772/X (UDB116SVT36_OR4_1)                       0.06       0.29 f
  d_byte0/C6197/Z_7 (d_cache_v1_MUX_OP_256_8_8)           0.00       0.29 f
  d_byte0/C6237/Z (GTECH_AND2)                            0.00       0.29 f
  d_byte0/C6235/Z (GTECH_OR2)                             0.00       0.29 f
  d_byte0/Q_tmp_reg[0]/next_state (**SEQGEN**)            0.00       0.29 f
  data arrival time                                                  0.29

  clock clk (rise edge)                                   3.00       3.00
  clock network delay (ideal)                             0.00       3.00
  clock uncertainty                                      -0.20       2.80
  d_byte0/Q_tmp_reg[0]/clocked_on (**SEQGEN**)            0.00       2.80 r
  library setup time                                      0.00       2.80
  data required time                                                 2.80
  --------------------------------------------------------------------------
  data required time                                                 2.80
  data arrival time                                                 -0.29
  --------------------------------------------------------------------------
  slack (MET)                                                        2.51


1
