Information: Propagating switching activity (high effort zero delay simulation). (PWR-6)
Warning: Design has unannotated primary inputs. (PWR-414)
Warning: Design has unannotated sequential cell outputs. (PWR-415)
Warning: Design has unannotated black box outputs. (PWR-428)
 
****************************************
Report : power
        -analysis_effort high
Design : icebreaker_v1
Version: X-2025.06
Date   : Tue Oct 14 00:35:52 2025
****************************************


Library(s) Used:

    gf22nspslogl36edl116f_TT_0P65V_0P00V_0P00V_0P00V_25C (File: /raid/GF22FDX_PLUS/e_chip_I/GF22_libs/gf22nspslogl36edl116f_TT_0P65V_0P00V_0P00V_0P00V_25C.db)
    gf22nspslogl36eda116f_TT_0P65V_0P00V_0P00V_0P00V_25C (File: /raid/GF22FDX_PLUS/e_chip_I/GF22_libs/gf22nspslogl36eda116f_TT_0P65V_0P00V_0P00V_0P00V_25C.db)
    gtech (File: /cae/apps/data/synopsys-2025/syn/X-2025.06/libraries/syn/gtech.db)


Operating Conditions: TT_0P65V_0P00V_0P00V_0P00V_25C   Library: gf22nspslogl36eda116f_TT_0P65V_0P00V_0P00V_0P00V_25C
Wire Load Model Mode: enclosed

Design        Wire Load Model            Library
------------------------------------------------
rv32_cpu_top           ZeroWLM           gf22nspslogl36eda116f_TT_0P65V_0P00V_0P00V_0P00V_25C
spimemio               ZeroWLM           gf22nspslogl36eda116f_TT_0P65V_0P00V_0P00V_0P00V_25C
UART_v1                ZeroWLM           gf22nspslogl36eda116f_TT_0P65V_0P00V_0P00V_0P00V_25C
rv32_pc_v2             ZeroWLM           gf22nspslogl36eda116f_TT_0P65V_0P00V_0P00V_0P00V_25C
rv32_if_id_queue       ZeroWLM           gf22nspslogl36eda116f_TT_0P65V_0P00V_0P00V_0P00V_25C
rv32_cu_v2             ZeroWLM           gf22nspslogl36eda116f_TT_0P65V_0P00V_0P00V_0P00V_25C
hazard_detection       ZeroWLM           gf22nspslogl36eda116f_TT_0P65V_0P00V_0P00V_0P00V_25C
rv32_register_file     ZeroWLM           gf22nspslogl36eda116f_TT_0P65V_0P00V_0P00V_0P00V_25C
branch_resolver_v2     ZeroWLM           gf22nspslogl36eda116f_TT_0P65V_0P00V_0P00V_0P00V_25C
rv32_id_ex_queue       ZeroWLM           gf22nspslogl36eda116f_TT_0P65V_0P00V_0P00V_0P00V_25C
forwarding_unit_v2     ZeroWLM           gf22nspslogl36eda116f_TT_0P65V_0P00V_0P00V_0P00V_25C
rv32_alu_v2            ZeroWLM           gf22nspslogl36eda116f_TT_0P65V_0P00V_0P00V_0P00V_25C
rv32_ex_mem_queue      ZeroWLM           gf22nspslogl36eda116f_TT_0P65V_0P00V_0P00V_0P00V_25C
rv32_mem_wb_queue      ZeroWLM           gf22nspslogl36eda116f_TT_0P65V_0P00V_0P00V_0P00V_25C
write_back             ZeroWLM           gf22nspslogl36eda116f_TT_0P65V_0P00V_0P00V_0P00V_25C
spimemio_xfer          ZeroWLM           gf22nspslogl36eda116f_TT_0P65V_0P00V_0P00V_0P00V_25C
UART                   ZeroWLM           gf22nspslogl36eda116f_TT_0P65V_0P00V_0P00V_0P00V_25C
rv32_alu_comp_0        ZeroWLM           gf22nspslogl36eda116f_TT_0P65V_0P00V_0P00V_0P00V_25C
rv32_alu_add_sub       ZeroWLM           gf22nspslogl36eda116f_TT_0P65V_0P00V_0P00V_0P00V_25C
rv32_alu_comp_1        ZeroWLM           gf22nspslogl36eda116f_TT_0P65V_0P00V_0P00V_0P00V_25C
rv32_alu_logical       ZeroWLM           gf22nspslogl36eda116f_TT_0P65V_0P00V_0P00V_0P00V_25C
rv32_barrel_shifter    ZeroWLM           gf22nspslogl36eda116f_TT_0P65V_0P00V_0P00V_0P00V_25C
UART_tx                ZeroWLM           gf22nspslogl36eda116f_TT_0P65V_0P00V_0P00V_0P00V_25C
UART_rx                ZeroWLM           gf22nspslogl36eda116f_TT_0P65V_0P00V_0P00V_0P00V_25C


Global Operating Voltage = 0.65 
Power-specific unit information :
    Voltage Units = 1V
    Capacitance Units = 1.000000pf
    Time Units = 1ns
    Dynamic Power Units = 1mW    (derived from V,C,T units)
    Leakage Power Units = 1nW


Attributes
----------
i - Including register clock pin internal power


  Cell Internal Power  = 409.5842 uW   (99%)
  Net Switching Power  =   4.9395 uW    (1%)
                         ---------
Total Dynamic Power    = 414.5237 uW  (100%)

Cell Leakage Power     =   2.5708 uW


                 Internal         Switching           Leakage            Total
Power Group      Power            Power               Power              Power   (   %    )  Attrs
--------------------------------------------------------------------------------------------------
io_pad             0.0000            0.0000            0.0000            0.0000  (   0.00%)
memory             0.0000            0.0000            0.0000            0.0000  (   0.00%)
black_box          0.0000            0.0000            0.0000            0.0000  (   0.00%)
clock_network     21.8463            0.0000            0.2339           21.8463  ( 5237.60%) i
register       -2.1440e+01        9.4062e-04        1.3909e+03        -2.1437e+01
                                                                                 ( -5139.58%)
sequential         0.0000            0.0000            0.0000            0.0000  (   0.00%)
combinational  3.0878e-03        3.9989e-03        1.1797e+03        8.2664e-03  (   1.98%)
--------------------------------------------------------------------------------------------------
Total              0.4096 mW     4.9395e-03 mW     2.5708e+03 nW         0.4171 mW
1
