 
****************************************
Report : timing
        -path full
        -delay max
        -max_paths 1
Design : icebreaker_v1
Version: X-2025.06
Date   : Tue Oct 14 00:35:52 2025
****************************************

 # A fanout number of 1000 was used for high fanout net computations.

Operating Conditions: TT_0P65V_0P00V_0P00V_0P00V_25C   Library: gf22nspslogl36eda116f_TT_0P65V_0P00V_0P00V_0P00V_25C
Wire Load Model Mode: enclosed

  Startpoint: iSoC/cache_access_ff_reg
              (rising edge-triggered flip-flop clocked by clk)
  Endpoint: iSoC/iCPU/data_addr_ff_reg[31]
            (rising edge-triggered flip-flop clocked by clk)
  Path Group: clk
  Path Type: max

  Des/Clust/Port     Wire Load Model       Library
  ------------------------------------------------
  rv32_cpu_top       ZeroWLM               gf22nspslogl36eda116f_TT_0P65V_0P00V_0P00V_0P00V_25C
  rv32_alu_v2        ZeroWLM               gf22nspslogl36eda116f_TT_0P65V_0P00V_0P00V_0P00V_25C
  rv32_alu_add_sub   ZeroWLM               gf22nspslogl36eda116f_TT_0P65V_0P00V_0P00V_0P00V_25C

  Point                                                   Incr       Path
  --------------------------------------------------------------------------
  clock clk (rise edge)                                   0.00       0.00
  clock network delay (ideal)                             0.00       0.00
  iSoC/cache_access_ff_reg/CK (UDB116SVT36_FDPRBQ_2)      0.00 #     0.00 r
  iSoC/cache_access_ff_reg/Q (UDB116SVT36_FDPRBQ_2)       0.07       0.07 f
  iSoC/U126/X (UDB116SVT36_OR3B_1)                        0.02       0.09 r
  iSoC/U238/X (UDB116SVT36_NR2_2)                         0.01       0.11 f
  iSoC/U241/X (UDB116SVT36_AN4B_1)                        0.03       0.14 f
  iSoC/U122/X (UDB116SVT36_BUF_4)                         0.03       0.17 f
  iSoC/U194/X (UDB116SVT36_INV_1P5)                       0.02       0.19 r
  iSoC/U198/X (UDB116SVT36_INV_2)                         0.03       0.22 f
  iSoC/U296/X (UDB116SVT36_ND2_MM_0P75)                   0.02       0.24 r
  iSoC/U189/X (UDB116SVT36_ND4_0P75)                      0.04       0.28 f
  iSoC/iCPU/data_fetch[2] (rv32_cpu_top)                  0.00       0.28 f
  iSoC/iCPU/U437/X (UDB116SVT36_AOI2222_V2_1)             0.09       0.36 r
  iSoC/iCPU/U89/X (UDB116SVT36_NR2_0P75)                  0.03       0.39 f
  iSoC/iCPU/iWrite/data_result[2] (write_back)            0.00       0.39 f
  iSoC/iCPU/iWrite/U44/X (UDB116SVT36_AO222_1)            0.07       0.47 f
  iSoC/iCPU/iWrite/write_result[2] (write_back)           0.00       0.47 f
  iSoC/iCPU/U262/X (UDB116SVT36_INV_0P75)                 0.03       0.49 r
  iSoC/iCPU/U122/X (UDB116SVT36_OAI21_0P75)               0.03       0.52 f
  iSoC/iCPU/U60/X (UDB116SVT36_INV_0P75)                  0.02       0.54 r
  iSoC/iCPU/U53/X (UDB116SVT36_INV_1)                     0.03       0.57 f
  iSoC/iCPU/iALU/reg_s2[2] (rv32_alu_v2)                  0.00       0.57 f
  iSoC/iCPU/iALU/U222/X (UDB116SVT36_INV_0P75)            0.03       0.60 r
  iSoC/iCPU/iALU/U44/X (UDB116SVT36_OAI21_0P75)           0.07       0.67 f
  iSoC/iCPU/iALU/iAdd_Sub/opB[2] (rv32_alu_add_sub)       0.00       0.67 f
  iSoC/iCPU/iALU/iAdd_Sub/U64/X (UDB116SVT36_ND2B_0P75)
                                                          0.07       0.73 f
  iSoC/iCPU/iALU/iAdd_Sub/U66/X (UDB116SVT36_OAI22_1)     0.03       0.77 r
  iSoC/iCPU/iALU/iAdd_Sub/U67/X (UDB116SVT36_AOI31_0P75)
                                                          0.03       0.80 f
  iSoC/iCPU/iALU/iAdd_Sub/U70/X (UDB116SVT36_NR2_0P75)
                                                          0.04       0.83 r
  iSoC/iCPU/iALU/iAdd_Sub/U42/X (UDB116SVT36_AOAI211_0P75)
                                                          0.08       0.91 f
  iSoC/iCPU/iALU/iAdd_Sub/U110/X (UDB116SVT36_AOI22_1)
                                                          0.06       0.97 r
  iSoC/iCPU/iALU/iAdd_Sub/U138/X (UDB116SVT36_OAI21_0P75)
                                                          0.05       1.03 f
  iSoC/iCPU/iALU/iAdd_Sub/U165/X (UDB116SVT36_AOI21B_1)
                                                          0.05       1.07 r
  iSoC/iCPU/iALU/iAdd_Sub/U176/X (UDB116SVT36_AOI21B_1)
                                                          0.04       1.12 f
  iSoC/iCPU/iALU/iAdd_Sub/U180/X (UDB116SVT36_AOI22_1)
                                                          0.04       1.16 r
  iSoC/iCPU/iALU/iAdd_Sub/U15/X (UDB116SVT36_OAI21B_1)
                                                          0.05       1.21 f
  iSoC/iCPU/iALU/iAdd_Sub/U233/X (UDB116SVT36_AOI21B_2)
                                                          0.03       1.24 r
  iSoC/iCPU/iALU/iAdd_Sub/U43/X (UDB116SVT36_OAI21B_1)
                                                          0.03       1.27 f
  iSoC/iCPU/iALU/iAdd_Sub/U18/X (UDB116SVT36_AOI21B_1)
                                                          0.04       1.31 r
  iSoC/iCPU/iALU/iAdd_Sub/U304/X (UDB116SVT36_OAI21B_2)
                                                          0.03       1.35 f
  iSoC/iCPU/iALU/iAdd_Sub/U13/X (UDB116SVT36_AOI21B_1)
                                                          0.04       1.38 r
  iSoC/iCPU/iALU/iAdd_Sub/U350/X (UDB116SVT36_OAI21B_2)
                                                          0.03       1.42 f
  iSoC/iCPU/iALU/iAdd_Sub/U44/X (UDB116SVT36_AOI21B_1)
                                                          0.03       1.45 r
  iSoC/iCPU/iALU/iAdd_Sub/U20/X (UDB116SVT36_AOI21_0P75)
                                                          0.02       1.48 f
  iSoC/iCPU/iALU/iAdd_Sub/U19/X (UDB116SVT36_NR2_1P5)     0.03       1.50 r
  iSoC/iCPU/iALU/iAdd_Sub/U406/X (UDB116SVT36_OAI21B_1)
                                                          0.03       1.54 f
  iSoC/iCPU/iALU/iAdd_Sub/U48/X (UDB116SVT36_AOI21B_1)
                                                          0.04       1.57 r
  iSoC/iCPU/iALU/iAdd_Sub/U433/X (UDB116SVT36_INV_0P75)
                                                          0.03       1.60 f
  iSoC/iCPU/iALU/iAdd_Sub/U440/X (UDB116SVT36_OAI31_1)
                                                          0.03       1.63 r
  iSoC/iCPU/iALU/iAdd_Sub/U448/X (UDB116SVT36_OAI21_0P75)
                                                          0.04       1.66 f
  iSoC/iCPU/iALU/iAdd_Sub/result[31] (rv32_alu_add_sub)
                                                          0.00       1.66 f
  iSoC/iCPU/iALU/U58/X (UDB116SVT36_AO2222_1)             0.10       1.76 f
  iSoC/iCPU/iALU/reg_d1[31] (rv32_alu_v2)                 0.00       1.76 f
  iSoC/iCPU/U370/X (UDB116SVT36_INV_0P75)                 0.02       1.78 r
  iSoC/iCPU/U371/X (UDB116SVT36_NR2_0P75)                 0.01       1.79 f
  iSoC/iCPU/data_addr_ff_reg[31]/D (UDB116SVT36_FDPRBQ_V2_1)
                                                          0.00       1.79 f
  data arrival time                                                  1.79

  clock clk (rise edge)                                   2.00       2.00
  clock network delay (ideal)                             0.00       2.00
  clock uncertainty                                      -0.20       1.80
  iSoC/iCPU/data_addr_ff_reg[31]/CK (UDB116SVT36_FDPRBQ_V2_1)
                                                          0.00       1.80 r
  library setup time                                     -0.01       1.79
  data required time                                                 1.79
  --------------------------------------------------------------------------
  data required time                                                 1.79
  data arrival time                                                 -1.79
  --------------------------------------------------------------------------
  slack (MET)                                                        0.00


1
