 
****************************************
Report : area
Design : icebreaker_v1
Version: X-2025.06
Date   : Tue Oct 14 00:35:52 2025
****************************************

Library(s) Used:

    gf22nspslogl36edl116f_TT_0P65V_0P00V_0P00V_0P00V_25C (File: /raid/GF22FDX_PLUS/e_chip_I/GF22_libs/gf22nspslogl36edl116f_TT_0P65V_0P00V_0P00V_0P00V_25C.db)
    gf22nspslogl36eda116f_TT_0P65V_0P00V_0P00V_0P00V_25C (File: /raid/GF22FDX_PLUS/e_chip_I/GF22_libs/gf22nspslogl36eda116f_TT_0P65V_0P00V_0P00V_0P00V_25C.db)
    gtech (File: /cae/apps/data/synopsys-2025/syn/X-2025.06/libraries/syn/gtech.db)

Number of ports:                         6131
Number of nets:                         62247
Number of cells:                        56181
Number of combinational cells:          21042
Number of sequential cells:             35093
Number of macros/black boxes:               0
Number of buf/inv:                       5856
Number of references:                       1

Combinational area:               2462.378359
Buf/Inv area:                      253.754634
Noncombinational area:            2599.246877
Macro/Black Box area:                0.000000
Net Interconnect area:      undefined  (No wire load specified)

Total cell area:                  5061.625236
Total area:                 undefined

Information: This design contains unmapped logic. (RPT-7)
1
