 
****************************************
Report : timing
        -path full
        -delay min
        -max_paths 1
Design : rv32_cpu_top
Version: V-2023.12-SP5
Date   : Tue Jan 14 19:50:34 2025
****************************************

 # A fanout number of 1000 was used for high fanout net computations.

Operating Conditions: NCCOM   Library: tcbn40lpbwptc
Wire Load Model Mode: segmented

  Startpoint: iEX_MEM/code_queue_reg[9]
              (rising edge-triggered flip-flop clocked by clk)
  Endpoint: iMEM_WB/code_queue_reg[9]
            (rising edge-triggered flip-flop clocked by clk)
  Path Group: clk
  Path Type: min

  Des/Clust/Port     Wire Load Model       Library
  ------------------------------------------------
  rv32_cpu_top       TSMC32K_Lowk_Conservative
                                           tcbn40lpbwptc

  Point                                                   Incr       Path
  --------------------------------------------------------------------------
  clock clk (rise edge)                                   0.00       0.00
  clock network delay (ideal)                             0.00       0.00
  iEX_MEM/code_queue_reg[9]/CP (DFCND4BWP)                0.00 #     0.00 r
  iEX_MEM/code_queue_reg[9]/Q (DFCND4BWP)                 0.11       0.11 f
  iMEM_WB/code_queue_reg[9]/D (DFCND1BWP)                 0.00       0.11 f
  data arrival time                                                  0.11

  clock clk (rise edge)                                   0.00       0.00
  clock network delay (ideal)                             0.00       0.00
  clock uncertainty                                       0.08       0.08
  iMEM_WB/code_queue_reg[9]/CP (DFCND1BWP)                0.00       0.08 r
  library hold time                                       0.03       0.11
  data required time                                                 0.11
  --------------------------------------------------------------------------
  data required time                                                 0.11
  data arrival time                                                 -0.11
  --------------------------------------------------------------------------
  slack (MET)                                                        0.01


1
