 
****************************************
Report : timing
        -path full
        -delay max
        -max_paths 1
Design : rv32_cpu_top
Version: V-2023.12-SP5
Date   : Tue Jan 14 19:50:34 2025
****************************************

 # A fanout number of 1000 was used for high fanout net computations.

Operating Conditions: NCCOM   Library: tcbn40lpbwptc
Wire Load Model Mode: segmented

  Startpoint: iEX_MEM/code_queue_reg[8]
              (rising edge-triggered flip-flop clocked by clk)
  Endpoint: iPC/pc_reg[11]
            (rising edge-triggered flip-flop clocked by clk)
  Path Group: clk
  Path Type: max

  Des/Clust/Port     Wire Load Model       Library
  ------------------------------------------------
  rv32_cpu_top       TSMC32K_Lowk_Conservative
                                           tcbn40lpbwptc

  Point                                                   Incr       Path
  --------------------------------------------------------------------------
  clock clk (rise edge)                                   0.00       0.00
  clock network delay (ideal)                             0.00       0.00
  iEX_MEM/code_queue_reg[8]/CP (DFCND4BWP)                0.00 #     0.00 r
  iEX_MEM/code_queue_reg[8]/Q (DFCND4BWP)                 0.14       0.14 r
  U12918/ZN (NR3D2BWP)                                    0.02       0.17 f
  U8254/ZN (ND2D4BWP)                                     0.02       0.19 r
  U8735/Z (AN2D4BWP)                                      0.05       0.24 r
  U6494/ZN (ND3D4BWP)                                     0.03       0.27 f
  U6645/ZN (CKND6BWP)                                     0.03       0.30 r
  U5549/ZN (CKND2D8BWP)                                   0.03       0.32 f
  U7272/ZN (CKND6BWP)                                     0.02       0.34 r
  U8049/ZN (ND2D8BWP)                                     0.03       0.37 f
  U8666/ZN (INVD12BWP)                                    0.02       0.40 r
  U4994/ZN (CKND8BWP)                                     0.02       0.42 f
  U6566/ZN (INVD8BWP)                                     0.02       0.43 r
  U13256/ZN (IND3D4BWP)                                   0.03       0.47 f
  U7188/ZN (CKND6BWP)                                     0.03       0.49 r
  U14102/ZN (IIND4D4BWP)                                  0.04       0.53 r
  U15754/Z (OA21D4BWP)                                    0.06       0.59 r
  U5134/Z (AN2D4BWP)                                      0.06       0.65 r
  U16799/Z (AN4D4BWP)                                     0.09       0.74 r
  U9136/ZN (INVD4BWP)                                     0.02       0.76 f
  U15647/ZN (ND2D8BWP)                                    0.02       0.78 r
  U16156/ZN (XNR2D1BWP)                                   0.09       0.86 f
  U7829/ZN (IND2D4BWP)                                    0.02       0.89 r
  U7827/Z (OA31D4BWP)                                     0.06       0.95 r
  U9161/ZN (CKND2D4BWP)                                   0.02       0.96 f
  U7714/Z (XOR2D2BWP)                                     0.06       1.03 r
  U7831/ZN (ND3D3BWP)                                     0.03       1.06 f
  U9419/ZN (IND4D4BWP)                                    0.06       1.12 f
  U9418/ZN (IND2D4BWP)                                    0.03       1.16 r
  U6999/ZN (OAI21D4BWP)                                   0.04       1.19 f
  U9506/ZN (ND2D3BWP)                                     0.03       1.22 r
  U5285/ZN (IND3D4BWP)                                    0.04       1.26 f
  U10244/ZN (OAI222D4BWP)                                 0.13       1.40 r
  iPC/pc_reg[11]/D (DFCNQD2BWP)                           0.00       1.40 r
  data arrival time                                                  1.40

  clock clk (rise edge)                                   1.50       1.50
  clock network delay (ideal)                             0.00       1.50
  clock uncertainty                                      -0.08       1.42
  iPC/pc_reg[11]/CP (DFCNQD2BWP)                          0.00       1.42 r
  library setup time                                     -0.02       1.40
  data required time                                                 1.40
  --------------------------------------------------------------------------
  data required time                                                 1.40
  data arrival time                                                 -1.40
  --------------------------------------------------------------------------
  slack (MET)                                                        0.00


1
