 
****************************************
Report : timing
        -path full
        -delay min
        -max_paths 1
Design : rv32_cpu_top
Version: V-2023.12-SP5
Date   : Mon Mar 24 16:21:54 2025
****************************************

 # A fanout number of 1000 was used for high fanout net computations.

Operating Conditions: PVT_0P7V_25C   Library: asap7sc7p5t_AO_RVT_TT_nldm_211120
Wire Load Model Mode: segmented

  Startpoint: code_fetch[2]
              (input port clocked by clk)
  Endpoint: iIF_ID/code_queue_reg[2]
            (rising edge-triggered flip-flop clocked by clk)
  Path Group: clk
  Path Type: min

  Point                                                   Incr       Path
  --------------------------------------------------------------------------
  clock clk (rise edge)                                   0.00       0.00
  clock network delay (ideal)                             0.00       0.00
  input external delay                                    0.10       0.10 f
  code_fetch[2] (in)                                      0.00       0.10 f
  U6465/Y (INVxp33_ASAP7_75t_R)                           6.40       6.50 r
  U10009/Y (OAI22xp33_ASAP7_75t_R)                        8.39      14.90 f
  U6464/Y (HB1xp67_ASAP7_75t_R)                          18.70      33.60 f
  iIF_ID/code_queue_reg[2]/D (DFFASRHQNx1_ASAP7_75t_R)
                                                          0.00      33.60 f
  data arrival time                                                 33.60

  clock clk (rise edge)                                   0.00       0.00
  clock network delay (ideal)                             0.00       0.00
  clock uncertainty                                      10.00      10.00
  iIF_ID/code_queue_reg[2]/CLK (DFFASRHQNx1_ASAP7_75t_R)
                                                          0.00      10.00 r
  library hold time                                      19.17      29.17
  data required time                                                29.17
  --------------------------------------------------------------------------
  data required time                                                29.17
  data arrival time                                                -33.60
  --------------------------------------------------------------------------
  slack (MET)                                                        4.43


1
