
*** Running vivado
    with args -log RV32_SC_CU.vds -m64 -product Vivado -mode batch -messageDb vivado.pb -notrace -source RV32_SC_CU.tcl


ECHO is off.
ECHO is off.

****** Vivado v2023.1 (64-bit)
  **** SW Build 3865809 on Sun May  7 15:05:29 MDT 2023
  **** IP Build 3864474 on Sun May  7 20:36:21 MDT 2023
  **** SharedData Build 3865790 on Sun May 07 13:33:03 MDT 2023
    ** Copyright 1986-2022 Xilinx, Inc. All Rights Reserved.
    ** Copyright 2022-2023 Advanced Micro Devices, Inc. All Rights Reserved.

source RV32_SC_CU.tcl -notrace
create_project: Time (s): cpu = 00:00:06 ; elapsed = 00:00:06 . Memory (MB): peak = 473.469 ; gain = 202.395
Command: read_checkpoint -auto_incremental -incremental {F:/Vivado/Projects/RV32 Single Cycle/RV32 Single Cycle.srcs/utils_1/imports/synth_1/RV32_SC_CU.dcp}
INFO: [Vivado 12-5825] Read reference checkpoint from F:/Vivado/Projects/RV32 Single Cycle/RV32 Single Cycle.srcs/utils_1/imports/synth_1/RV32_SC_CU.dcp for incremental synthesis
INFO: [Vivado 12-7989] Please ensure there are no constraint changes
Command: synth_design -top RV32_SC_CU -part xc7z020clg484-1
Starting synth_design
Attempting to get a license for feature 'Synthesis' and/or device 'xc7z020'
INFO: [Common 17-349] Got license for feature 'Synthesis' and/or device 'xc7z020'
INFO: [Device 21-403] Loading part xc7z020clg484-1
INFO: [Designutils 20-5440] No compile time benefit to using incremental synthesis; A full resynthesis will be run
INFO: [Designutils 20-4379] Flow is switching to default flow due to incremental criteria not met. If you would like to alter this behaviour and have the flow terminate instead, please set the following parameter config_implementation {autoIncr.Synth.RejectBehavior Terminate}
INFO: [Synth 8-7079] Multithreading enabled for synth_design using a maximum of 2 processes.
INFO: [Synth 8-7078] Launching helper process for spawning children vivado processes
INFO: [Synth 8-7075] Helper process launched with PID 16572
---------------------------------------------------------------------------------
Starting RTL Elaboration : Time (s): cpu = 00:00:04 ; elapsed = 00:00:04 . Memory (MB): peak = 1315.137 ; gain = 409.637
---------------------------------------------------------------------------------
INFO: [Synth 8-6157] synthesizing module 'RV32_SC_CU' [F:/Vivado/Projects/RV32 Single Cycle/RV32 Single Cycle.srcs/sources_1/new/RV32_SC_CU.v:23]
INFO: [Synth 8-155] case statement is not full and has no default [F:/Vivado/Projects/RV32 Single Cycle/RV32 Single Cycle.srcs/sources_1/new/RV32_SC_CU.v:82]
INFO: [Synth 8-155] case statement is not full and has no default [F:/Vivado/Projects/RV32 Single Cycle/RV32 Single Cycle.srcs/sources_1/new/RV32_SC_CU.v:171]
INFO: [Synth 8-155] case statement is not full and has no default [F:/Vivado/Projects/RV32 Single Cycle/RV32 Single Cycle.srcs/sources_1/new/RV32_SC_CU.v:238]
INFO: [Synth 8-155] case statement is not full and has no default [F:/Vivado/Projects/RV32 Single Cycle/RV32 Single Cycle.srcs/sources_1/new/RV32_SC_CU.v:250]
INFO: [Synth 8-155] case statement is not full and has no default [F:/Vivado/Projects/RV32 Single Cycle/RV32 Single Cycle.srcs/sources_1/new/RV32_SC_CU.v:79]
INFO: [Synth 8-6155] done synthesizing module 'RV32_SC_CU' (0#1) [F:/Vivado/Projects/RV32 Single Cycle/RV32 Single Cycle.srcs/sources_1/new/RV32_SC_CU.v:23]
---------------------------------------------------------------------------------
Finished RTL Elaboration : Time (s): cpu = 00:00:06 ; elapsed = 00:00:07 . Memory (MB): peak = 1466.355 ; gain = 560.855
---------------------------------------------------------------------------------
---------------------------------------------------------------------------------
Start Handling Custom Attributes
---------------------------------------------------------------------------------
---------------------------------------------------------------------------------
Finished Handling Custom Attributes : Time (s): cpu = 00:00:06 ; elapsed = 00:00:07 . Memory (MB): peak = 1466.355 ; gain = 560.855
---------------------------------------------------------------------------------
---------------------------------------------------------------------------------
Finished RTL Optimization Phase 1 : Time (s): cpu = 00:00:06 ; elapsed = 00:00:07 . Memory (MB): peak = 1466.355 ; gain = 560.855
---------------------------------------------------------------------------------
Netlist sorting complete. Time (s): cpu = 00:00:00 ; elapsed = 00:00:00.117 . Memory (MB): peak = 1466.355 ; gain = 0.000
INFO: [Project 1-570] Preparing netlist for logic optimization

Processing XDC Constraints
Initializing timing engine
Parsing XDC File [F:/Vivado/Projects/RV32 Single Cycle/RV32 Single Cycle.srcs/constrs_1/imports/digilent-xdc-master/Zedboard-Master.xdc]
WARNING: [Vivado 12-584] No ports matched '[get_ports -of_objects [get_iobanks 33]]'. [F:/Vivado/Projects/RV32 Single Cycle/RV32 Single Cycle.srcs/constrs_1/imports/digilent-xdc-master/Zedboard-Master.xdc:363]
WARNING: [Vivado 12-584] No ports matched '[get_ports -of_objects [get_iobanks 34]]'. [F:/Vivado/Projects/RV32 Single Cycle/RV32 Single Cycle.srcs/constrs_1/imports/digilent-xdc-master/Zedboard-Master.xdc:368]
WARNING: [Vivado 12-584] No ports matched '[get_ports -of_objects [get_iobanks 35]]'. [F:/Vivado/Projects/RV32 Single Cycle/RV32 Single Cycle.srcs/constrs_1/imports/digilent-xdc-master/Zedboard-Master.xdc:373]
WARNING: [Vivado 12-584] No ports matched '[get_ports -of_objects [get_iobanks 13]]'. [F:/Vivado/Projects/RV32 Single Cycle/RV32 Single Cycle.srcs/constrs_1/imports/digilent-xdc-master/Zedboard-Master.xdc:376]
Finished Parsing XDC File [F:/Vivado/Projects/RV32 Single Cycle/RV32 Single Cycle.srcs/constrs_1/imports/digilent-xdc-master/Zedboard-Master.xdc]
INFO: [Project 1-236] Implementation specific constraints were found while reading constraint file [F:/Vivado/Projects/RV32 Single Cycle/RV32 Single Cycle.srcs/constrs_1/imports/digilent-xdc-master/Zedboard-Master.xdc]. These constraints will be ignored for synthesis but will be used in implementation. Impacted constraints are listed in the file [.Xil/RV32_SC_CU_propImpl.xdc].
Resolution: To avoid this warning, move constraints listed in [.Xil/RV32_SC_CU_propImpl.xdc] to another XDC file and exclude this new file from synthesis with the used_in_synthesis property (File Properties dialog in GUI) and re-run elaboration/synthesis.
Completed Processing XDC Constraints

Netlist sorting complete. Time (s): cpu = 00:00:00 ; elapsed = 00:00:00.001 . Memory (MB): peak = 1556.375 ; gain = 0.000
INFO: [Project 1-111] Unisim Transformation Summary:
No Unisim elements were transformed.

Constraint Validation Runtime : Time (s): cpu = 00:00:00 ; elapsed = 00:00:00.019 . Memory (MB): peak = 1556.375 ; gain = 0.000
INFO: [Designutils 20-5440] No compile time benefit to using incremental synthesis; A full resynthesis will be run
INFO: [Designutils 20-4379] Flow is switching to default flow due to incremental criteria not met. If you would like to alter this behaviour and have the flow terminate instead, please set the following parameter config_implementation {autoIncr.Synth.RejectBehavior Terminate}
---------------------------------------------------------------------------------
Finished Constraint Validation : Time (s): cpu = 00:00:18 ; elapsed = 00:00:19 . Memory (MB): peak = 1556.375 ; gain = 650.875
---------------------------------------------------------------------------------
---------------------------------------------------------------------------------
Start Loading Part and Timing Information
---------------------------------------------------------------------------------
Loading part: xc7z020clg484-1
---------------------------------------------------------------------------------
Finished Loading Part and Timing Information : Time (s): cpu = 00:00:18 ; elapsed = 00:00:19 . Memory (MB): peak = 1556.375 ; gain = 650.875
---------------------------------------------------------------------------------
---------------------------------------------------------------------------------
Start Applying 'set_property' XDC Constraints
---------------------------------------------------------------------------------
---------------------------------------------------------------------------------
Finished applying 'set_property' XDC Constraints : Time (s): cpu = 00:00:18 ; elapsed = 00:00:19 . Memory (MB): peak = 1556.375 ; gain = 650.875
---------------------------------------------------------------------------------
---------------------------------------------------------------------------------
Finished RTL Optimization Phase 2 : Time (s): cpu = 00:00:21 ; elapsed = 00:00:22 . Memory (MB): peak = 1556.375 ; gain = 650.875
---------------------------------------------------------------------------------
---------------------------------------------------------------------------------
Start RTL Component Statistics 
---------------------------------------------------------------------------------
Detailed RTL Component Info : 
+---Adders : 
	   3 Input   32 Bit       Adders := 1     
	   2 Input   32 Bit       Adders := 5     
	   2 Input    8 Bit       Adders := 1     
+---XORs : 
	   2 Input     32 Bit         XORs := 2     
+---Registers : 
	               32 Bit    Registers := 33    
	               16 Bit    Registers := 1     
	                8 Bit    Registers := 2     
+---RAMs : 
	               8K Bit	(256 X 32 bit)          RAMs := 1     
+---Muxes : 
	  32 Input   32 Bit        Muxes := 1     
	   2 Input   32 Bit        Muxes := 11    
	  11 Input   32 Bit        Muxes := 35    
	 257 Input   32 Bit        Muxes := 1     
	   2 Input   11 Bit        Muxes := 1     
	   2 Input    7 Bit        Muxes := 32    
	   2 Input    6 Bit        Muxes := 64    
	   2 Input    5 Bit        Muxes := 64    
	   2 Input    4 Bit        Muxes := 64    
	   2 Input    3 Bit        Muxes := 64    
	   2 Input    1 Bit        Muxes := 420   
	  11 Input    1 Bit        Muxes := 34    
	   8 Input    1 Bit        Muxes := 64    
	   7 Input    1 Bit        Muxes := 1     
---------------------------------------------------------------------------------
Finished RTL Component Statistics 
---------------------------------------------------------------------------------
---------------------------------------------------------------------------------
Start Part Resource Summary
---------------------------------------------------------------------------------
Part Resources:
DSPs: 220 (col length:60)
BRAMs: 280 (col length: RAMB18 60 RAMB36 30)
---------------------------------------------------------------------------------
Finished Part Resource Summary
---------------------------------------------------------------------------------
---------------------------------------------------------------------------------
Start Cross Boundary and Area Optimization
---------------------------------------------------------------------------------
WARNING: [Synth 8-7080] Parallel synthesis criteria is not met
---------------------------------------------------------------------------------
Finished Cross Boundary and Area Optimization : Time (s): cpu = 00:00:27 ; elapsed = 00:00:29 . Memory (MB): peak = 1556.375 ; gain = 650.875
---------------------------------------------------------------------------------
---------------------------------------------------------------------------------
Start Applying XDC Timing Constraints
---------------------------------------------------------------------------------
---------------------------------------------------------------------------------
Finished Applying XDC Timing Constraints : Time (s): cpu = 00:00:35 ; elapsed = 00:00:36 . Memory (MB): peak = 1556.375 ; gain = 650.875
---------------------------------------------------------------------------------
---------------------------------------------------------------------------------
Start Timing Optimization
---------------------------------------------------------------------------------
---------------------------------------------------------------------------------
Finished Timing Optimization : Time (s): cpu = 00:00:35 ; elapsed = 00:00:36 . Memory (MB): peak = 1556.375 ; gain = 650.875
---------------------------------------------------------------------------------
---------------------------------------------------------------------------------
Start Technology Mapping
---------------------------------------------------------------------------------
---------------------------------------------------------------------------------
Finished Technology Mapping : Time (s): cpu = 00:00:35 ; elapsed = 00:00:36 . Memory (MB): peak = 1556.375 ; gain = 650.875
---------------------------------------------------------------------------------
---------------------------------------------------------------------------------
Start IO Insertion
---------------------------------------------------------------------------------
---------------------------------------------------------------------------------
Start Flattening Before IO Insertion
---------------------------------------------------------------------------------
---------------------------------------------------------------------------------
Finished Flattening Before IO Insertion
---------------------------------------------------------------------------------
---------------------------------------------------------------------------------
Start Final Netlist Cleanup
---------------------------------------------------------------------------------
---------------------------------------------------------------------------------
Finished Final Netlist Cleanup
---------------------------------------------------------------------------------
---------------------------------------------------------------------------------
Finished IO Insertion : Time (s): cpu = 00:00:41 ; elapsed = 00:00:42 . Memory (MB): peak = 1556.375 ; gain = 650.875
---------------------------------------------------------------------------------
---------------------------------------------------------------------------------
Start Renaming Generated Instances
---------------------------------------------------------------------------------
---------------------------------------------------------------------------------
Finished Renaming Generated Instances : Time (s): cpu = 00:00:41 ; elapsed = 00:00:42 . Memory (MB): peak = 1556.375 ; gain = 650.875
---------------------------------------------------------------------------------
---------------------------------------------------------------------------------
Start Rebuilding User Hierarchy
---------------------------------------------------------------------------------
---------------------------------------------------------------------------------
Finished Rebuilding User Hierarchy : Time (s): cpu = 00:00:41 ; elapsed = 00:00:42 . Memory (MB): peak = 1556.375 ; gain = 650.875
---------------------------------------------------------------------------------
---------------------------------------------------------------------------------
Start Renaming Generated Ports
---------------------------------------------------------------------------------
---------------------------------------------------------------------------------
Finished Renaming Generated Ports : Time (s): cpu = 00:00:41 ; elapsed = 00:00:42 . Memory (MB): peak = 1556.375 ; gain = 650.875
---------------------------------------------------------------------------------
---------------------------------------------------------------------------------
Start Handling Custom Attributes
---------------------------------------------------------------------------------
---------------------------------------------------------------------------------
Finished Handling Custom Attributes : Time (s): cpu = 00:00:41 ; elapsed = 00:00:42 . Memory (MB): peak = 1556.375 ; gain = 650.875
---------------------------------------------------------------------------------
---------------------------------------------------------------------------------
Start Renaming Generated Nets
---------------------------------------------------------------------------------
---------------------------------------------------------------------------------
Finished Renaming Generated Nets : Time (s): cpu = 00:00:41 ; elapsed = 00:00:42 . Memory (MB): peak = 1556.375 ; gain = 650.875
---------------------------------------------------------------------------------
---------------------------------------------------------------------------------
Start Writing Synthesis Report
---------------------------------------------------------------------------------

Report BlackBoxes: 
+-+--------------+----------+
| |BlackBox name |Instances |
+-+--------------+----------+
+-+--------------+----------+

Report Cell Usage: 
+------+-------+------+
|      |Cell   |Count |
+------+-------+------+
|1     |BUFG   |     1|
|2     |CARRY4 |    16|
|3     |LUT1   |     1|
|4     |LUT2   |     4|
|5     |LUT3   |    36|
|6     |LUT4   |     3|
|7     |LUT5   |    21|
|8     |LUT6   |    30|
|9     |FDRE   |   185|
|10    |IBUF   |     1|
|11    |OBUF   |    64|
+------+-------+------+
---------------------------------------------------------------------------------
Finished Writing Synthesis Report : Time (s): cpu = 00:00:41 ; elapsed = 00:00:42 . Memory (MB): peak = 1556.375 ; gain = 650.875
---------------------------------------------------------------------------------
Synthesis finished with 0 errors, 0 critical warnings and 1 warnings.
Synthesis Optimization Runtime : Time (s): cpu = 00:00:30 ; elapsed = 00:00:38 . Memory (MB): peak = 1556.375 ; gain = 560.855
Synthesis Optimization Complete : Time (s): cpu = 00:00:41 ; elapsed = 00:00:42 . Memory (MB): peak = 1556.375 ; gain = 650.875
INFO: [Project 1-571] Translating synthesized netlist
Netlist sorting complete. Time (s): cpu = 00:00:00 ; elapsed = 00:00:00.005 . Memory (MB): peak = 1556.375 ; gain = 0.000
INFO: [Netlist 29-17] Analyzing 16 Unisim elements for replacement
INFO: [Netlist 29-28] Unisim Transformation completed in 0 CPU seconds
INFO: [Project 1-570] Preparing netlist for logic optimization
INFO: [Opt 31-138] Pushed 0 inverter(s) to 0 load pin(s).
Netlist sorting complete. Time (s): cpu = 00:00:00 ; elapsed = 00:00:00 . Memory (MB): peak = 1556.375 ; gain = 0.000
INFO: [Project 1-111] Unisim Transformation Summary:
No Unisim elements were transformed.

Synth Design complete | Checksum: de88a585
INFO: [Common 17-83] Releasing license: Synthesis
28 Infos, 5 Warnings, 0 Critical Warnings and 0 Errors encountered.
synth_design completed successfully
synth_design: Time (s): cpu = 00:00:45 ; elapsed = 00:00:47 . Memory (MB): peak = 1556.375 ; gain = 1058.055
INFO: [Common 17-1381] The checkpoint 'F:/Vivado/Projects/RV32 Single Cycle/RV32 Single Cycle.runs/synth_1/RV32_SC_CU.dcp' has been generated.
INFO: [runtcl-4] Executing : report_utilization -file RV32_SC_CU_utilization_synth.rpt -pb RV32_SC_CU_utilization_synth.pb
INFO: [Common 17-206] Exiting Vivado at Mon Mar  4 22:07:04 2024...
