 
****************************************
Report : area
Design : rv32_cpu_top
Version: V-2023.12-SP5
Date   : Tue May 13 16:14:01 2025
****************************************

Library(s) Used:

    asap7sc7p5t_SIMPLE_RVT_TT_nldm_211120 (File: /filespace/i/imoondra/ASAP_7nm_ASIC/asap7sc7p5t_28/LIB/NLDM/asap7sc7p5t_SIMPLE_RVT_TT_nldm_211120.db)
    asap7sc7p5t_AO_RVT_TT_nldm_211120 (File: /filespace/i/imoondra/ASAP_7nm_ASIC/asap7sc7p5t_28/LIB/NLDM/asap7sc7p5t_AO_RVT_TT_nldm_211120.db)
    asap7sc7p5t_INVBUF_RVT_TT_nldm_211120 (File: /filespace/i/imoondra/ASAP_7nm_ASIC/asap7sc7p5t_28/LIB/NLDM/asap7sc7p5t_INVBUF_RVT_TT_nldm_211120.db)
    asap7sc7p5t_OA_RVT_TT_nldm_211120 (File: /filespace/i/imoondra/ASAP_7nm_ASIC/asap7sc7p5t_28/LIB/NLDM/asap7sc7p5t_OA_RVT_TT_nldm_211120.db)
    asap7sc7p5t_SEQ_RVT_TT_nldm_220123 (File: /filespace/i/imoondra/ASAP_7nm_ASIC/asap7sc7p5t_28/LIB/NLDM/asap7sc7p5t_SEQ_RVT_TT_nldm_220123.db)

Number of ports:                          201
Number of nets:                          8709
Number of cells:                         8641
Number of combinational cells:           7221
Number of sequential cells:              1420
Number of macros/black boxes:               0
Number of buf/inv:                       1120
Number of references:                      88

Combinational area:                523.261620
Buf/Inv area:                       52.794181
Noncombinational area:             535.217216
Macro/Black Box area:                0.000000
Net Interconnect area:      undefined  (No wire load specified)

Total cell area:                  1058.478837
Total area:                 undefined
1
