 
****************************************
Report : timing
        -path full
        -delay min
        -max_paths 1
Design : rv32_cpu_top
Version: V-2023.12-SP5
Date   : Tue May 13 16:14:01 2025
****************************************

 # A fanout number of 1000 was used for high fanout net computations.

Operating Conditions: PVT_0P7V_25C   Library: asap7sc7p5t_AO_RVT_TT_nldm_211120
Wire Load Model Mode: segmented

  Startpoint: data_fetch[0]
              (input port clocked by clk)
  Endpoint: iMEM_WB/data_res_queue_reg[0]
            (rising edge-triggered flip-flop clocked by clk)
  Path Group: clk
  Path Type: min

  Point                                                   Incr       Path
  --------------------------------------------------------------------------
  clock clk (rise edge)                                   0.00       0.00
  clock network delay (ideal)                             0.00       0.00
  input external delay                                    0.10       0.10 f
  data_fetch[0] (in)                                      0.00       0.10 f
  iMEM_WB/data_res_queue_reg[0]/D (DFFASRHQNx1_ASAP7_75t_R)
                                                          0.00       0.10 f
  data arrival time                                                  0.10

  clock clk (rise edge)                                   0.00       0.00
  clock network delay (ideal)                             0.00       0.00
  clock uncertainty                                      10.00      10.00
  iMEM_WB/data_res_queue_reg[0]/CLK (DFFASRHQNx1_ASAP7_75t_R)
                                                          0.00      10.00 r
  library hold time                                      22.13      32.13
  data required time                                                32.13
  --------------------------------------------------------------------------
  data required time                                                32.13
  data arrival time                                                 -0.10
  --------------------------------------------------------------------------
  slack (VIOLATED)                                                 -32.03


1
