Information: Propagating switching activity (high effort zero delay simulation). (PWR-6)
Warning: Design has unannotated primary inputs. (PWR-414)
Warning: Design has unannotated sequential cell outputs. (PWR-415)
Warning: Design has unannotated black box outputs. (PWR-428)
 
****************************************
Report : power
        -analysis_effort high
Design : cache_controller_v1
Version: X-2025.06
Date   : Thu Oct  9 01:01:16 2025
****************************************


Library(s) Used:

    gf22nspslogl36edl116f_TT_0P65V_0P00V_0P00V_0P00V_25C (File: /raid/GF22FDX_PLUS/e_chip_I/GF22_libs/gf22nspslogl36edl116f_TT_0P65V_0P00V_0P00V_0P00V_25C.db)
    gtech (File: /cae/apps/data/synopsys-2025/syn/X-2025.06/libraries/syn/gtech.db)
    gf22nspslogl36eda116f_TT_0P65V_0P00V_0P00V_0P00V_25C (File: /raid/GF22FDX_PLUS/e_chip_I/GF22_libs/gf22nspslogl36eda116f_TT_0P65V_0P00V_0P00V_0P00V_25C.db)


Operating Conditions: TT_0P65V_0P00V_0P00V_0P00V_25C   Library: gf22nspslogl36eda116f_TT_0P65V_0P00V_0P00V_0P00V_25C
Wire Load Model Mode: enclosed

Design        Wire Load Model            Library
------------------------------------------------
cache_controller_v1_DW01_add_0
                       ZeroWLM           gf22nspslogl36eda116f_TT_0P65V_0P00V_0P00V_0P00V_25C
cache_controller_v1_DW01_inc_0_DW01_inc_1
                       ZeroWLM           gf22nspslogl36eda116f_TT_0P65V_0P00V_0P00V_0P00V_25C
cache_controller_v1_DW01_add_1
                       ZeroWLM           gf22nspslogl36eda116f_TT_0P65V_0P00V_0P00V_0P00V_25C


Global Operating Voltage = 0.65 
Power-specific unit information :
    Voltage Units = 1V
    Capacitance Units = 1.000000pf
    Time Units = 1ns
    Dynamic Power Units = 1mW    (derived from V,C,T units)
    Leakage Power Units = 1nW


Attributes
----------
i - Including register clock pin internal power


  Cell Internal Power  =  98.3037 uW    (0%)
  Net Switching Power  =  42.2547 mW  (100%)
                         ---------
Total Dynamic Power    =  42.3530 mW  (100%)

Cell Leakage Power     = 476.7150 nW


                 Internal         Switching           Leakage            Total
Power Group      Power            Power               Power              Power   (   %    )  Attrs
--------------------------------------------------------------------------------------------------
io_pad             0.0000            0.0000            0.0000            0.0000  (   0.00%)
memory             0.0000            0.0000            0.0000            0.0000  (   0.00%)
black_box          0.0000            0.0000            0.0000            0.0000  (   0.00%)
clock_network     21.7844            0.0000            0.0000           21.7844  (  51.43%)  i
register       -2.1701e+01        3.9341e-04           88.4340        -2.1701e+01
                                                                                 ( -51.24%)
sequential         0.0000            0.0000            0.0000            0.0000  (   0.00%)
combinational  1.5196e-02           42.2543          387.9311           42.2698  (  99.80%)
--------------------------------------------------------------------------------------------------
Total          9.8303e-02 mW        42.2547 mW       476.3651 nW        42.3534 mW
1
