 
****************************************
Report : timing
        -path full
        -delay min
        -max_paths 1
Design : icebreaker_v1
Version: X-2025.06
Date   : Fri Oct 31 04:56:18 2025
****************************************

 # A fanout number of 1000 was used for high fanout net computations.

Operating Conditions: TT_0P80V_0P00V_0P00V_0P00V_25C   Library: gf22nspslogl36edl116f_TT_0P80V_0P00V_0P00V_0P00V_25C
Wire Load Model Mode: enclosed

  Startpoint: iSoC/iCC_V1/i_slice_inst/ram_core_reg[0][0]
              (rising edge-triggered flip-flop clocked by clkin)
  Endpoint: iSoC/iCC_V1/i_slice_inst/Q_tmp_reg[0]
            (rising edge-triggered flip-flop clocked by clkin)
  Path Group: clkin
  Path Type: min

  Point                                                   Incr       Path
  --------------------------------------------------------------------------
  clock clkin (rise edge)                                 0.00       0.00
  clock network delay (ideal)                             0.00       0.00
  iSoC/iCC_V1/i_slice_inst/ram_core_reg[0][0]/clocked_on (**SEQGEN**)
                                                          0.00 #     0.00 r
  iSoC/iCC_V1/i_slice_inst/ram_core_reg[0][0]/Q (**SEQGEN**)
                                                          0.00       0.00 r
  iSoC/iCC_V1/i_slice_inst/C49270/Z_31 (*MUX_OP_512_9_32)
                                                          0.00       0.00 r
  iSoC/iCC_V1/i_slice_inst/C49406/Z (GTECH_AND2)          0.00       0.00 r
  iSoC/iCC_V1/i_slice_inst/C49404/Z (GTECH_OR2)           0.00       0.00 r
  iSoC/iCC_V1/i_slice_inst/Q_tmp_reg[0]/next_state (**SEQGEN**)
                                                          0.00       0.00 r
  data arrival time                                                  0.00

  clock clkin (rise edge)                                 0.00       0.00
  clock network delay (ideal)                             0.00       0.00
  clock uncertainty                                       0.25       0.25
  iSoC/iCC_V1/i_slice_inst/Q_tmp_reg[0]/clocked_on (**SEQGEN**)
                                                          0.00       0.25 r
  library hold time                                       0.00       0.25
  data required time                                                 0.25
  --------------------------------------------------------------------------
  data required time                                                 0.25
  data arrival time                                                  0.00
  --------------------------------------------------------------------------
  slack (VIOLATED)                                                  -0.25


1
