Warning: Design 'ivm_soc_v1' has '1' unresolved references. For more detailed information, use the "link" command. (UID-341)
 
****************************************
Report : timing
        -path full
        -delay min
        -max_paths 1
Design : ivm_soc_v1
Version: V-2023.12-SP5
Date   : Mon Jul 28 20:55:04 2025
****************************************

 # A fanout number of 1000 was used for high fanout net computations.

Operating Conditions: PVT_0P7V_25C   Library: asap7sc7p5t_AO_RVT_TT_nldm_211120
Wire Load Model Mode: segmented

  Startpoint: iomem_ready
              (input port clocked by clk)
  Endpoint: iomem_ready_ff_reg
            (rising edge-triggered flip-flop clocked by clk)
  Path Group: clk
  Path Type: min

  Point                                                   Incr       Path
  --------------------------------------------------------------------------
  clock clk (rise edge)                                   0.00       0.00
  clock network delay (ideal)                             0.00       0.00
  input external delay                                    0.10       0.10 f
  iomem_ready (in)                                        0.00       0.10 f
  iomem_ready_ff_reg/D (DFFASRHQNx1_ASAP7_75t_R)          0.00       0.10 f
  data arrival time                                                  0.10

  clock clk (rise edge)                                   0.00       0.00
  clock network delay (ideal)                             0.00       0.00
  clock uncertainty                                      10.00      10.00
  iomem_ready_ff_reg/CLK (DFFASRHQNx1_ASAP7_75t_R)        0.00      10.00 r
  library hold time                                      22.13      32.13
  data required time                                                32.13
  --------------------------------------------------------------------------
  data required time                                                32.13
  data arrival time                                                 -0.10
  --------------------------------------------------------------------------
  slack (VIOLATED)                                                 -32.03


1
