Warning: Design 'ivm_soc_v1' has '1' unresolved references. For more detailed information, use the "link" command. (UID-341)
 
****************************************
Report : timing
        -path full
        -delay max
        -max_paths 1
Design : ivm_soc_v1
Version: V-2023.12-SP5
Date   : Mon Jul 28 20:55:03 2025
****************************************

 # A fanout number of 1000 was used for high fanout net computations.

Operating Conditions: PVT_0P7V_25C   Library: asap7sc7p5t_AO_RVT_TT_nldm_211120
Wire Load Model Mode: segmented

  Startpoint: iCPU/load_to_use_stall_ff2_reg
              (rising edge-triggered flip-flop clocked by clk)
  Endpoint: SRAM3/ram_core_reg[125][10]
            (rising edge-triggered flip-flop clocked by clk)
  Path Group: clk
  Path Type: max

  Point                                                   Incr       Path
  --------------------------------------------------------------------------
  clock clk (rise edge)                                   0.00       0.00
  clock network delay (ideal)                             0.00       0.00
  iCPU/load_to_use_stall_ff2_reg/CLK (DFFASRHQNx1_ASAP7_75t_R)
                                                          0.00 #     0.00 r
  iCPU/load_to_use_stall_ff2_reg/QN (DFFASRHQNx1_ASAP7_75t_R)
                                                         63.12      63.12 r
  iCPU/U20/Y (INVx2_ASAP7_75t_R)                         12.57      75.70 f
  iCPU/iIF_ID/U13/Y (BUFx6f_ASAP7_75t_R)                 20.68      96.38 f
  iCPU/iIF_ID/U41/Y (NAND2xp33_ASAP7_75t_R)              23.12     119.50 r
  iCPU/iIF_ID/U43/Y (OAI21x1_ASAP7_75t_R)                17.03     136.53 f
  iCPU/iControl/U31/Y (NAND2xp5_ASAP7_75t_R)             19.22     155.75 r
  iCPU/iControl/U6/Y (INVx2_ASAP7_75t_R)                 16.19     171.94 f
  iCPU/iControl/U4/Y (INVx4_ASAP7_75t_R)                 15.37     187.32 r
  iCPU/iControl/U21/Y (NOR2x1p5_ASAP7_75t_R)             14.61     201.93 f
  iCPU/iRF/U49/Y (XOR2x1_ASAP7_75t_R)                    26.80     228.72 f
  iCPU/iRF/U47/Y (NAND3x1_ASAP7_75t_R)                   17.28     246.01 r
  iCPU/iRF/U42/Y (NOR2x1_ASAP7_75t_R)                    19.06     265.07 f
  iCPU/iRF/U51/Y (BUFx6f_ASAP7_75t_R)                    28.41     293.48 f
  iCPU/iRF/U112/Y (NAND2xp33_ASAP7_75t_R)                18.57     312.05 r
  iCPU/iRF/U1860/Y (OAI21xp5_ASAP7_75t_R)                15.87     327.93 f
  iCPU/U402/Y (AO222x2_ASAP7_75t_R)                      43.03     370.95 f
  iCPU/iALU/iBarrel/U103/Y (AND2x2_ASAP7_75t_R)          21.86     392.81 f
  iCPU/iALU/iBarrel/sll_44/U26/Y (OR3x1_ASAP7_75t_R)     25.55     418.36 f
  iCPU/iALU/iBarrel/sll_44/U25/Y (NOR5xp2_ASAP7_75t_R)
                                                         24.18     442.54 r
  iCPU/iALU/iBarrel/sll_44/U18/Y (NAND5xp2_ASAP7_75t_R)
                                                         32.14     474.68 f
  iCPU/iALU/iBarrel/sll_44/U27/Y (INVxp33_ASAP7_75t_R)
                                                         32.10     506.79 r
  iCPU/iALU/iBarrel/sll_44/U30/Y (NAND2xp5_ASAP7_75t_R)
                                                         14.50     521.29 f
  iCPU/iALU/iBarrel/sll_44/U29/Y (NOR2xp33_ASAP7_75t_R)
                                                         17.15     538.44 r
  iCPU/iALU/iBarrel/sll_44/U32/Y (BUFx3_ASAP7_75t_R)     22.70     561.14 r
  iCPU/iALU/iBarrel/sll_44/U45/Y (AOI222xp33_ASAP7_75t_R)
                                                         16.74     577.87 f
  iCPU/iALU/iBarrel/sll_44/U217/Y (OAI221xp5_ASAP7_75t_R)
                                                         20.06     597.93 r
  iCPU/iALU/iBarrel/U166/Y (NAND2xp5_ASAP7_75t_R)        12.74     610.67 f
  iCPU/iALU/iBarrel/U165/Y (OAI211xp5_ASAP7_75t_R)       17.65     628.32 r
  iCPU/iALU/iBarrel/U233/Y (AND2x2_ASAP7_75t_R)          24.91     653.23 r
  iCPU/iALU/U56/Y (INVx2_ASAP7_75t_R)                     7.25     660.48 f
  iCPU/iALU/U55/Y (NOR2x1_ASAP7_75t_R)                    7.65     668.12 r
  iCPU/iALU/U289/Y (AOI21xp33_ASAP7_75t_R)                8.53     676.65 f
  iCPU/iALU/U587/Y (OAI211xp5_ASAP7_75t_R)               20.58     697.23 r
  iCPU/U360/Y (AND2x2_ASAP7_75t_R)                       26.28     723.50 r
  U258/Y (NOR2x1p5_ASAP7_75t_R)                           9.92     733.42 f
  U275/Y (AND5x2_ASAP7_75t_R)                            22.88     756.30 f
  U271/Y (NAND4xp75_ASAP7_75t_R)                         11.86     768.16 r
  U272/Y (INVx2_ASAP7_75t_R)                              9.74     777.90 f
  U273/Y (AND2x4_ASAP7_75t_R)                            20.38     798.28 f
  U291/Y (NAND2x1_ASAP7_75t_R)                           10.52     808.80 r
  U293/Y (NAND2xp5_ASAP7_75t_R)                          17.88     826.69 f
  U259/Y (NOR2x1p5_ASAP7_75t_R)                          17.61     844.30 r
  SRAM3/U3111/Y (AND2x4_ASAP7_75t_R)                     27.69     871.98 r
  SRAM3/U2707/Y (BUFx6f_ASAP7_75t_R)                     28.98     900.97 r
  SRAM3/U6733/Y (AND2x2_ASAP7_75t_R)                     28.17     929.13 r
  SRAM3/U470/Y (BUFx6f_ASAP7_75t_R)                      28.86     957.99 r
  SRAM3/U469/Y (INVxp67_ASAP7_75t_R)                     12.60     970.59 f
  SRAM3/U19430/Y (OAI22xp5_ASAP7_75t_R)                  13.88     984.47 r
  SRAM3/ram_core_reg[125][10]/D (DFFHQNx3_ASAP7_75t_R)
                                                          0.00     984.47 r
  data arrival time                                                984.47

  clock clk (rise edge)                                1000.00    1000.00
  clock network delay (ideal)                             0.00    1000.00
  clock uncertainty                                     -10.00     990.00
  SRAM3/ram_core_reg[125][10]/CLK (DFFHQNx3_ASAP7_75t_R)
                                                          0.00     990.00 r
  library setup time                                    -15.52     974.48
  data required time                                               974.48
  --------------------------------------------------------------------------
  data required time                                               974.48
  data arrival time                                               -984.47
  --------------------------------------------------------------------------
  slack (VIOLATED)                                                  -9.99


1
