 
****************************************
Report : timing
        -path full
        -delay max
        -max_paths 1
Design : rv32_cpu_top
Version: V-2023.12-SP5
Date   : Tue Jul 29 00:02:57 2025
****************************************

 # A fanout number of 1000 was used for high fanout net computations.

Operating Conditions: PVT_0P7V_25C   Library: asap7sc7p5t_AO_RVT_TT_nldm_211120
Wire Load Model Mode: segmented

  Startpoint: load_to_use_stall_ff2_reg
              (rising edge-triggered flip-flop clocked by clk)
  Endpoint: iPC/pc_reg[19]
            (rising edge-triggered flip-flop clocked by clk)
  Path Group: clk
  Path Type: max

  Point                                                   Incr       Path
  --------------------------------------------------------------------------
  clock clk (rise edge)                                   0.00       0.00
  clock network delay (ideal)                             0.00       0.00
  load_to_use_stall_ff2_reg/CLK (DFFASRHQNx1_ASAP7_75t_R)
                                                          0.00 #     0.00 r
  load_to_use_stall_ff2_reg/QN (DFFASRHQNx1_ASAP7_75t_R)
                                                         64.60      64.60 f
  U7183/Y (INVx2_ASAP7_75t_R)                            13.24      77.84 r
  U7633/Y (BUFx6f_ASAP7_75t_R)                           20.86      98.70 r
  U15408/Y (INVx6_ASAP7_75t_R)                            9.65     108.35 f
  U7310/Y (NAND2x1_ASAP7_75t_R)                          10.76     119.11 r
  U7754/Y (OAI21xp33_ASAP7_75t_R)                        14.65     133.76 f
  U7926/Y (AOI21xp5_ASAP7_75t_R)                         19.53     153.29 r
  U7839/Y (NAND3x1_ASAP7_75t_R)                          15.89     169.18 f
  U12211/Y (AOI311xp33_ASAP7_75t_R)                      21.68     190.86 r
  U12212/Y (NAND5xp2_ASAP7_75t_R)                        28.07     218.93 f
  U15417/Y (AND2x2_ASAP7_75t_R)                          36.39     255.32 f
  U13129/Y (INVx2_ASAP7_75t_R)                           15.22     270.54 r
  U12217/Y (OAI221xp5_ASAP7_75t_R)                       17.24     287.78 f
  U12218/Y (INVx1_ASAP7_75t_R)                           16.90     304.69 r
  U12588/Y (AND2x4_ASAP7_75t_R)                          23.54     328.23 r
  U6864/Y (XOR2x1_ASAP7_75t_R)                           21.71     349.94 r
  U7316/Y (NAND3x1_ASAP7_75t_R)                          12.44     362.37 f
  U8370/Y (NOR5xp2_ASAP7_75t_R)                          30.43     392.80 r
  U10604/Y (NAND2xp33_ASAP7_75t_R)                       18.23     411.03 f
  U10624/Y (AOI21xp5_ASAP7_75t_R)                        14.67     425.70 r
  U14900/Y (OAI321xp33_ASAP7_75t_R)                      22.80     448.50 f
  U14901/Y (INVx1_ASAP7_75t_R)                           14.65     463.15 r
  U14991/Y (NAND2xp5_ASAP7_75t_R)                        15.18     478.33 f
  U7547/Y (NAND2xp33_ASAP7_75t_R)                        19.32     497.65 r
  U8288/Y (BUFx3_ASAP7_75t_R)                            26.13     523.78 r
  U7530/Y (NAND2xp5_ASAP7_75t_R)                          9.96     533.74 f
  U14943/Y (OAI211xp5_ASAP7_75t_R)                       13.27     547.01 r
  iPC/pc_reg[19]/D (DFFASRHQNx1_ASAP7_75t_R)              0.00     547.01 r
  data arrival time                                                547.01

  clock clk (rise edge)                                 500.00     500.00
  clock network delay (ideal)                             0.00     500.00
  clock uncertainty                                     -10.00     490.00
  iPC/pc_reg[19]/CLK (DFFASRHQNx1_ASAP7_75t_R)            0.00     490.00 r
  library setup time                                    -15.07     474.93
  data required time                                               474.93
  --------------------------------------------------------------------------
  data required time                                               474.93
  data arrival time                                               -547.01
  --------------------------------------------------------------------------
  slack (VIOLATED)                                                 -72.08


1
