 
****************************************
Report : timing
        -path full
        -delay max
        -max_paths 1
Design : rv32_cpu_top
Version: V-2023.12-SP5
Date   : Mon Sep  1 01:47:55 2025
****************************************

 # A fanout number of 1000 was used for high fanout net computations.

Operating Conditions: TT_0P65V_0P00V_0P00V_0P00V_25C   Library: gf22nspslogl36eda116f_TT_0P65V_0P00V_0P00V_0P00V_25C
Wire Load Model Mode: enclosed

  Startpoint: iForward/RS1_EX2EX_reg
              (rising edge-triggered flip-flop clocked by clk)
  Endpoint: iID_EX/pc_queue_reg[31]
            (rising edge-triggered flip-flop clocked by clk)
  Path Group: clk
  Path Type: max

  Des/Clust/Port     Wire Load Model       Library
  ------------------------------------------------
  rv32_cpu_top       ZeroWLM               gf22nspslogl36eda116f_TT_0P65V_0P00V_0P00V_0P00V_25C

  Point                                                   Incr       Path
  --------------------------------------------------------------------------
  clock clk (rise edge)                                   0.00       0.00
  clock network delay (ideal)                             0.00       0.00
  iForward/RS1_EX2EX_reg/CK (UDB116SVT36_FDPRBQ_2)        0.00 #     0.00 r
  iForward/RS1_EX2EX_reg/Q (UDB116SVT36_FDPRBQ_2)         0.09       0.09 f
  U5868/X (UDB116SVT36_INV_S_2)                           0.03       0.11 r
  U6208/X (UDB116SVT36_INV_2)                             0.03       0.14 f
  U8889/X (UDB116SVT36_AOI211_1)                          0.06       0.20 r
  U7574/X (UDB116SVT36_ND2_4)                             0.05       0.26 f
  U9518/X (UDB116SVT36_ND2_2)                             0.03       0.28 r
  U7569/X (UDB116SVT36_ND2_2P75)                          0.03       0.31 f
  U13095/X (UDB116SVT36_NR3_8)                            0.03       0.34 r
  U13085/X (UDB116SVT36_ND2_2P75)                         0.02       0.36 f
  U13165/X (UDB116SVT36_NR2_3)                            0.02       0.38 r
  U12792/X (UDB116SVT36_ND2_3P75)                         0.02       0.39 f
  U10144/X (UDB116SVT36_NR2_4)                            0.02       0.41 r
  U9695/X (UDB116SVT36_AOI21B_2)                          0.02       0.44 f
  U9694/X (UDB116SVT36_OAI21_3)                           0.02       0.45 r
  U9436/X (UDB116SVT36_NR2_6)                             0.02       0.47 f
  U7167/X (UDB116SVT36_ND2_MM_12)                         0.02       0.49 r
  U13400/X (UDB116SVT36_ND2_MM_12)                        0.02       0.51 f
  U9711/X (UDB116SVT36_OR2_3P75)                          0.04       0.55 f
  U8947/X (UDB116SVT36_ND2_MM_2)                          0.02       0.57 r
  U9378/X (UDB116SVT36_ND2_MM_1P5)                        0.02       0.59 f
  U6346/X (UDB116SVT36_NR2_3)                             0.02       0.61 r
  U6644/X (UDB116SVT36_INV_3)                             0.02       0.63 f
  U5862/X (UDB116SVT36_OAI21B_1)                          0.02       0.65 r
  U6636/X (UDB116SVT36_ND2B_2)                            0.03       0.68 f
  U13705/X (UDB116SVT36_NR2_4)                            0.02       0.70 r
  U6322/X (UDB116SVT36_ND2_MM_5)                          0.02       0.72 f
  U6624/X (UDB116SVT36_BUF_4)                             0.03       0.75 f
  U9967/X (UDB116SVT36_ND2_3P75)                          0.02       0.77 r
  U9767/X (UDB116SVT36_BUF_3P75)                          0.04       0.81 r
  U10554/X (UDB116SVT36_AO222_1)                          0.05       0.85 r
  iID_EX/pc_queue_reg[31]/D (UDB116SVT36_FDPRBQ_V2_1)     0.00       0.85 r
  data arrival time                                                  0.85

  clock clk (rise edge)                                   1.00       1.00
  clock network delay (ideal)                             0.00       1.00
  clock uncertainty                                      -0.10       0.90
  iID_EX/pc_queue_reg[31]/CK (UDB116SVT36_FDPRBQ_V2_1)
                                                          0.00       0.90 r
  library setup time                                     -0.05       0.85
  data required time                                                 0.85
  --------------------------------------------------------------------------
  data required time                                                 0.85
  data arrival time                                                 -0.85
  --------------------------------------------------------------------------
  slack (MET)                                                        0.00


1
