 
****************************************
Report : timing
        -path full
        -delay min
        -max_paths 1
Design : rv32_cpu_top
Version: V-2023.12-SP5
Date   : Wed May  7 20:46:49 2025
****************************************

 # A fanout number of 1000 was used for high fanout net computations.

Operating Conditions: PVT_0P7V_25C   Library: asap7sc7p5t_AO_RVT_TT_nldm_211120
Wire Load Model Mode: segmented

  Startpoint: code_fetch[0]
              (input port clocked by clk)
  Endpoint: iIF_ID/code_queue_reg[0]
            (rising edge-triggered flip-flop clocked by clk)
  Path Group: clk
  Path Type: min

  Point                                                   Incr       Path
  --------------------------------------------------------------------------
  clock clk (rise edge)                                   0.00       0.00
  clock network delay (ideal)                             0.00       0.00
  input external delay                                    0.10       0.10 r
  code_fetch[0] (in)                                      0.00       0.10 r
  U11090/Y (OAI22xp33_ASAP7_75t_R)                        7.54       7.64 f
  iIF_ID/code_queue_reg[0]/D (DFFASRHQNx1_ASAP7_75t_R)
                                                          0.00       7.64 f
  data arrival time                                                  7.64

  clock clk (rise edge)                                   0.00       0.00
  clock network delay (ideal)                             0.00       0.00
  clock uncertainty                                      10.00      10.00
  iIF_ID/code_queue_reg[0]/CLK (DFFASRHQNx1_ASAP7_75t_R)
                                                          0.00      10.00 r
  library hold time                                      18.78      28.78
  data required time                                                28.78
  --------------------------------------------------------------------------
  data required time                                                28.78
  data arrival time                                                 -7.64
  --------------------------------------------------------------------------
  slack (VIOLATED)                                                 -21.14


1
