 
****************************************
Report : area
Design : RV32_SC_CU
Version: V-2023.12-SP5
Date   : Tue Dec 17 21:59:36 2024
****************************************

Library(s) Used:

    tcbn40lpbwp12ttc (File: /cae/apps/data/tsmclibs-2013/digital/Front_End/timing_power_noise/NLDM/tcbn40lpbwp12t_110b/tcbn40lpbwp12ttc.db)

Number of ports:                          162
Number of nets:                          9190
Number of cells:                         9099
Number of combinational cells:           7946
Number of sequential cells:              1153
Number of macros/black boxes:               0
Number of buf/inv:                       2936
Number of references:                     336

Combinational area:              13351.128095
Buf/Inv area:                     2892.489651
Noncombinational area:            6016.651065
Macro/Black Box area:                0.000000
Net Interconnect area:      undefined  (Wire load has zero net area)

Total cell area:                 19367.779160
Total area:                 undefined
1
