Information: Updating design information... (UID-85)
Warning: Design 'RV32_SC_CU' contains 1 high-fanout nets. A fanout number of 1000 will be used for delay calculations involving these nets. (TIM-134)
Information: Propagating switching activity (low effort zero delay simulation). (PWR-6)
Warning: Design has unannotated primary inputs. (PWR-414)
Warning: Design has unannotated sequential cell outputs. (PWR-415)
 
****************************************
Report : power
        -analysis_effort low
Design : RV32_SC_CU
Version: V-2023.12-SP5
Date   : Tue Dec 17 21:59:36 2024
****************************************


Library(s) Used:

    tcbn40lpbwp12ttc (File: /cae/apps/data/tsmclibs-2013/digital/Front_End/timing_power_noise/NLDM/tcbn40lpbwp12t_110b/tcbn40lpbwp12ttc.db)


Operating Conditions: NCCOM   Library: tcbn40lpbwp12ttc
Wire Load Model Mode: segmented

Design        Wire Load Model            Library
------------------------------------------------
RV32_SC_CU             ZeroWireload      tcbn40lpbwp12ttc


Global Operating Voltage = 1.1  
Power-specific unit information :
    Voltage Units = 1V
    Capacitance Units = 1.000000pf
    Time Units = 1ns
    Dynamic Power Units = 1mW    (derived from V,C,T units)
    Leakage Power Units = 1nW


Attributes
----------
i - Including register clock pin internal power


  Cell Internal Power  =   5.3310 mW   (92%)
  Net Switching Power  = 491.4185 uW    (8%)
                         ---------
Total Dynamic Power    =   5.8224 mW  (100%)

Cell Leakage Power     =   2.9032 uW


                 Internal         Switching           Leakage            Total
Power Group      Power            Power               Power              Power   (   %    )  Attrs
--------------------------------------------------------------------------------------------------
io_pad             0.0000            0.0000            0.0000            0.0000  (   0.00%)
memory             0.0000            0.0000            0.0000            0.0000  (   0.00%)
black_box          0.0000            0.0000            0.0000            0.0000  (   0.00%)
clock_network      4.9506            0.0000            0.0000            4.9506  (  85.14%)  i
register       3.5720e-02        1.4125e-02          802.0505        5.0641e-02  (   0.87%)
sequential         0.0000            0.0000            0.0000            0.0000  (   0.00%)
combinational      0.3447            0.4664        2.1012e+03            0.8132  (  13.99%)
--------------------------------------------------------------------------------------------------
Total              5.3310 mW         0.4805 mW     2.9032e+03 nW         5.8144 mW
1
