 
****************************************
Report : timing
        -path full
        -delay min
        -max_paths 1
Design : RV32_SC_CU
Version: V-2023.12-SP5
Date   : Tue Dec 17 21:59:36 2024
****************************************

 # A fanout number of 1000 was used for high fanout net computations.

Operating Conditions: NCCOM   Library: tcbn40lpbwp12ttc
Wire Load Model Mode: segmented

  Startpoint: RF_reg[1][16]
              (rising edge-triggered flip-flop clocked by clk)
  Endpoint: RF_reg[1][16]
            (rising edge-triggered flip-flop clocked by clk)
  Path Group: clk
  Path Type: min

  Des/Clust/Port     Wire Load Model       Library
  ------------------------------------------------
  RV32_SC_CU         ZeroWireload          tcbn40lpbwp12ttc

  Point                                    Incr       Path
  -----------------------------------------------------------
  clock clk (rise edge)                    0.00       0.00
  clock network delay (ideal)              0.00       0.00
  RF_reg[1][16]/CP (DFQD1BWP12T)           0.00 #     0.00 r
  RF_reg[1][16]/Q (DFQD1BWP12T)            0.09       0.09 f
  U14063/ZN (INVD1BWP12T)                  0.02       0.11 r
  U9101/Z (CKBD1BWP12T)                    0.03       0.14 r
  U15669/ZN (MUX2ND0BWP12T)                0.02       0.16 f
  RF_reg[1][16]/D (DFQD1BWP12T)            0.00       0.16 f
  data arrival time                                   0.16

  clock clk (rise edge)                    0.00       0.00
  clock network delay (ideal)              0.00       0.00
  clock uncertainty                        0.15       0.15
  RF_reg[1][16]/CP (DFQD1BWP12T)           0.00       0.15 r
  library hold time                        0.01       0.16
  data required time                                  0.16
  -----------------------------------------------------------
  data required time                                  0.16
  data arrival time                                  -0.16
  -----------------------------------------------------------
  slack (MET)                                         0.00


1
